# JRE version: Java(TM) SE Runtime Environment (23.0+37) (build 23+37-2369)
# Java VM: Java HotSpot(TM) 64-Bit Server VM (23+37-2369, mixed mode, sharing, tiered, compressed oops, compressed class ptrs, g1 gc, windows-amd64)
GC Precious Log:
 CardTable entry size: 512
 Card Set container configuration: InlinePtr #cards 5 size 8 Array Of Cards #cards 10 size 36 Howl #buckets 4 coarsen threshold 1843 Howl Bitmap #cards 512 size 80 coarsen threshold 460 Card regions per heap region 1 cards per card region 2048
 CPUs: 8 total, 8 available
 Memory: 7918M
 Large Page Support: Disabled
 NUMA Support: Disabled
 Compressed Oops: Enabled (32-bit)
 Heap Region Size: 1M
 Heap Min Capacity: 8M
 Heap Initial Capacity: 124M
 Heap Max Capacity: 1980M
 Pre-touch: Disabled
 Parallel Workers: 8
 Concurrent Workers: 2
 Concurrent Refinement Workers: 8
 Periodic GC: Disabled
Heap:
 garbage-first heap   total reserved 2027520K, committed 117760K, used 72938K [0x0000000084400000, 0x0000000100000000)
  region size 1024K, 32 young (32768K), 1 survivors (1024K)
 Metaspace       used 92496K, committed 93376K, reserved 1179648K
  class space    used 12024K, committed 12480K, reserved 1048576K
GC Heap History (20 events):
Event: 1662.034 GC heap before
{Heap before GC invocations=434 (full 0):
 garbage-first heap   total reserved 2027520K, committed 117760K, used 109381K [0x0000000084400000, 0x0000000100000000)
  region size 1024K, 66 young (67584K), 1 survivors (1024K)
 Metaspace       used 92441K, committed 93376K, reserved 1179648K
  class space    used 12012K, committed 12480K, reserved 1048576K
}
Event: 1662.037 GC heap after
{Heap after GC invocations=435 (full 0):
 garbage-first heap   total reserved 2027520K, committed 117760K, used 42846K [0x0000000084400000, 0x0000000100000000)
  region size 1024K, 1 young (1024K), 1 survivors (1024K)
 Metaspace       used 92441K, committed 93376K, reserved 1179648K
  class space    used 12012K, committed 12480K, reserved 1048576K
}
Event: 1662.691 GC heap before
{Heap before GC invocations=436 (full 0):
 garbage-first heap   total reserved 2027520K, committed 117760K, used 109406K [0x0000000084400000, 0x0000000100000000)
  region size 1024K, 66 young (67584K), 1 survivors (1024K)
 Metaspace       used 92441K, committed 93376K, reserved 1179648K
  class space    used 12012K, committed 12480K, reserved 1048576K
}
Event: 1662.693 GC heap after
{Heap after GC invocations=437 (full 0):
 garbage-first heap   total reserved 2027520K, committed 117760K, used 42778K [0x0000000084400000, 0x0000000100000000)
  region size 1024K, 1 young (1024K), 1 survivors (1024K)
 Metaspace       used 92441K, committed 93376K, reserved 1179648K
  class space    used 12012K, committed 12480K, reserved 1048576K
}
Event: 1663.288 GC heap before
{Heap before GC invocations=437 (full 0):
 garbage-first heap   total reserved 2027520K, committed 117760K, used 109338K [0x0000000084400000, 0x0000000100000000)
  region size 1024K, 66 young (67584K), 1 survivors (1024K)
 Metaspace       used 92441K, committed 93376K, reserved 1179648K
  class space    used 12012K, committed 12480K, reserved 1048576K
}
Event: 1663.290 GC heap after
{Heap after GC invocations=438 (full 0):
 garbage-first heap   total reserved 2027520K, committed 117760K, used 42638K [0x0000000084400000, 0x0000000100000000)
  region size 1024K, 1 young (1024K), 1 survivors (1024K)
 Metaspace       used 92441K, committed 93376K, reserved 1179648K
  class space    used 12012K, committed 12480K, reserved 1048576K
}
Event: 1664.071 GC heap before
{Heap before GC invocations=439 (full 0):
 garbage-first heap   total reserved 2027520K, committed 117760K, used 107150K [0x0000000084400000, 0x0000000100000000)
  region size 1024K, 65 young (66560K), 1 survivors (1024K)
 Metaspace       used 92441K, committed 93376K, reserved 1179648K
  class space    used 12012K, committed 12480K, reserved 1048576K
}
Event: 1664.073 GC heap after
{Heap after GC invocations=440 (full 0):
 garbage-first heap   total reserved 2027520K, committed 117760K, used 42216K [0x0000000084400000, 0x0000000100000000)
  region size 1024K, 1 young (1024K), 1 survivors (1024K)
 Metaspace       used 92441K, committed 93376K, reserved 1179648K
  class space    used 12012K, committed 12480K, reserved 1048576K
}
Event: 1664.753 GC heap before
{Heap before GC invocations=440 (full 0):
 garbage-first heap   total reserved 2027520K, committed 117760K, used 107752K [0x0000000084400000, 0x0000000100000000)
  region size 1024K, 65 young (66560K), 1 survivors (1024K)
 Metaspace       used 92441K, committed 93376K, reserved 1179648K
  class space    used 12012K, committed 12480K, reserved 1048576K
}
Event: 1664.761 GC heap after
{Heap after GC invocations=441 (full 0):
 garbage-first heap   total reserved 2027520K, committed 117760K, used 42648K [0x0000000084400000, 0x0000000100000000)
  region size 1024K, 1 young (1024K), 1 survivors (1024K)
 Metaspace       used 92441K, committed 93376K, reserved 1179648K
  class space    used 12012K, committed 12480K, reserved 1048576K
}
Event: 1665.767 GC heap before
{Heap before GC invocations=441 (full 0):
 garbage-first heap   total reserved 2027520K, committed 117760K, used 109208K [0x0000000084400000, 0x0000000100000000)
  region size 1024K, 66 young (67584K), 1 survivors (1024K)
 Metaspace       used 92441K, committed 93376K, reserved 1179648K
  class space    used 12012K, committed 12480K, reserved 1048576K
}
Event: 1665.769 GC heap after
{Heap after GC invocations=442 (full 0):
 garbage-first heap   total reserved 2027520K, committed 117760K, used 42514K [0x0000000084400000, 0x0000000100000000)
  region size 1024K, 1 young (1024K), 1 survivors (1024K)
 Metaspace       used 92441K, committed 93376K, reserved 1179648K
  class space    used 12012K, committed 12480K, reserved 1048576K
}
Event: 1666.530 GC heap before
{Heap before GC invocations=443 (full 0):
 garbage-first heap   total reserved 2027520K, committed 117760K, used 108050K [0x0000000084400000, 0x0000000100000000)
  region size 1024K, 66 young (67584K), 1 survivors (1024K)
 Metaspace       used 92441K, committed 93376K, reserved 1179648K
  class space    used 12012K, committed 12480K, reserved 1048576K
}
Event: 1666.532 GC heap after
{Heap after GC invocations=444 (full 0):
 garbage-first heap   total reserved 2027520K, committed 117760K, used 42522K [0x0000000084400000, 0x0000000100000000)
  region size 1024K, 1 young (1024K), 1 survivors (1024K)
 Metaspace       used 92441K, committed 93376K, reserved 1179648K
  class space    used 12012K, committed 12480K, reserved 1048576K
}
Event: 1667.527 GC heap before
{Heap before GC invocations=444 (full 0):
 garbage-first heap   total reserved 2027520K, committed 117760K, used 109082K [0x0000000084400000, 0x0000000100000000)
  region size 1024K, 66 young (67584K), 1 survivors (1024K)
 Metaspace       used 92441K, committed 93376K, reserved 1179648K
  class space    used 12012K, committed 12480K, reserved 1048576K
}
Event: 1667.529 GC heap after
{Heap after GC invocations=445 (full 0):
 garbage-first heap   total reserved 2027520K, committed 117760K, used 42447K [0x0000000084400000, 0x0000000100000000)
  region size 1024K, 1 young (1024K), 1 survivors (1024K)
 Metaspace       used 92441K, committed 93376K, reserved 1179648K
  class space    used 12012K, committed 12480K, reserved 1048576K
}
Event: 1668.404 GC heap before
{Heap before GC invocations=446 (full 0):
 garbage-first heap   total reserved 2027520K, committed 117760K, used 109007K [0x0000000084400000, 0x0000000100000000)
  region size 1024K, 66 young (67584K), 1 survivors (1024K)
 Metaspace       used 92441K, committed 93376K, reserved 1179648K
  class space    used 12012K, committed 12480K, reserved 1048576K
}
Event: 1668.407 GC heap after
{Heap after GC invocations=447 (full 0):
 garbage-first heap   total reserved 2027520K, committed 117760K, used 42746K [0x0000000084400000, 0x0000000100000000)
  region size 1024K, 2 young (2048K), 2 survivors (2048K)
 Metaspace       used 92441K, committed 93376K, reserved 1179648K
  class space    used 12012K, committed 12480K, reserved 1048576K
}
Event: 1669.656 GC heap before
{Heap before GC invocations=447 (full 0):
 garbage-first heap   total reserved 2027520K, committed 117760K, used 107258K [0x0000000084400000, 0x0000000100000000)
  region size 1024K, 65 young (66560K), 2 survivors (2048K)
 Metaspace       used 92441K, committed 93376K, reserved 1179648K
  class space    used 12012K, committed 12480K, reserved 1048576K
}
Event: 1669.658 GC heap after
{Heap after GC invocations=448 (full 0):
 garbage-first heap   total reserved 2027520K, committed 117760K, used 42218K [0x0000000084400000, 0x0000000100000000)
  region size 1024K, 1 young (1024K), 1 survivors (1024K)
 Metaspace       used 92441K, committed 93376K, reserved 1179648K
  class space    used 12012K, committed 12480K, reserved 1048576K
}

